17:34:16 DEBUG : Logs will be stored at 'C:/work/Goldenbell2/GoldenBell2_22.2_NVMe_multicore_20230503/workspace/IDE.log'.
17:34:22 INFO  : Launching XSCT server: xsct.bat -n  -interactive C:\work\Goldenbell2\GoldenBell2_22.2_NVMe_multicore_20230503\workspace\temp_xsdb_launch_script.tcl
17:34:22 INFO  : Registering command handlers for Vitis TCF services
17:34:23 INFO  : Platform repository initialization has completed.
17:34:26 INFO  : XSCT server has started successfully.
17:34:26 INFO  : plnx-install-location is set to ''
17:34:26 INFO  : Successfully done setting XSCT server connection channel  
17:34:26 INFO  : Successfully done query RDI_DATADIR 
17:34:26 INFO  : Successfully done setting workspace for the tool. 
17:35:34 INFO  : Result from executing command 'getProjects': nvme
17:35:34 INFO  : Result from executing command 'getPlatforms': xilinx_vck190_base_202220_1|C:/Xilinx/Vitis/2022.2/base_platforms/xilinx_vck190_base_202220_1/xilinx_vck190_base_202220_1.xpfm;xilinx_vck190_base_dfx_202220_1|C:/Xilinx/Vitis/2022.2/base_platforms/xilinx_vck190_base_dfx_202220_1/xilinx_vck190_base_dfx_202220_1.xpfm;xilinx_vmk180_base_202220_1|C:/Xilinx/Vitis/2022.2/base_platforms/xilinx_vmk180_base_202220_1/xilinx_vmk180_base_202220_1.xpfm;xilinx_zcu102_base_202220_1|C:/Xilinx/Vitis/2022.2/base_platforms/xilinx_zcu102_base_202220_1/xilinx_zcu102_base_202220_1.xpfm;xilinx_zcu102_base_dfx_202220_1|C:/Xilinx/Vitis/2022.2/base_platforms/xilinx_zcu102_base_dfx_202220_1/xilinx_zcu102_base_dfx_202220_1.xpfm;xilinx_zcu104_base_202220_1|C:/Xilinx/Vitis/2022.2/base_platforms/xilinx_zcu104_base_202220_1/xilinx_zcu104_base_202220_1.xpfm
17:36:27 ERROR : (XSDB Server)rm: cannot lstat `*.o': Invalid argument

17:36:27 ERROR : (XSDB Server)make: *** [Makefile:42: clean] Error 1

17:38:59 ERROR : An unexpected exception occurred in the module 'reading platform'
17:38:59 ERROR : An unexpected exception occurred in the module 'platform project logging'
17:40:16 INFO  : Result from executing command 'getProjects': nvme
17:40:16 INFO  : Result from executing command 'getPlatforms': xilinx_vck190_base_202220_1|C:/Xilinx/Vitis/2022.2/base_platforms/xilinx_vck190_base_202220_1/xilinx_vck190_base_202220_1.xpfm;xilinx_vck190_base_dfx_202220_1|C:/Xilinx/Vitis/2022.2/base_platforms/xilinx_vck190_base_dfx_202220_1/xilinx_vck190_base_dfx_202220_1.xpfm;xilinx_vmk180_base_202220_1|C:/Xilinx/Vitis/2022.2/base_platforms/xilinx_vmk180_base_202220_1/xilinx_vmk180_base_202220_1.xpfm;xilinx_zcu102_base_202220_1|C:/Xilinx/Vitis/2022.2/base_platforms/xilinx_zcu102_base_202220_1/xilinx_zcu102_base_202220_1.xpfm;xilinx_zcu102_base_dfx_202220_1|C:/Xilinx/Vitis/2022.2/base_platforms/xilinx_zcu102_base_dfx_202220_1/xilinx_zcu102_base_dfx_202220_1.xpfm;xilinx_zcu104_base_202220_1|C:/Xilinx/Vitis/2022.2/base_platforms/xilinx_zcu104_base_202220_1/xilinx_zcu104_base_202220_1.xpfm
17:42:24 INFO  : Result from executing command 'getProjects': nvme
17:42:24 INFO  : Result from executing command 'getPlatforms': nvme|C:/work/Goldenbell2/GoldenBell2_22.2_NVMe_multicore_20230503/workspace/nvme/export/nvme/nvme.xpfm;xilinx_vck190_base_202220_1|C:/Xilinx/Vitis/2022.2/base_platforms/xilinx_vck190_base_202220_1/xilinx_vck190_base_202220_1.xpfm;xilinx_vck190_base_dfx_202220_1|C:/Xilinx/Vitis/2022.2/base_platforms/xilinx_vck190_base_dfx_202220_1/xilinx_vck190_base_dfx_202220_1.xpfm;xilinx_vmk180_base_202220_1|C:/Xilinx/Vitis/2022.2/base_platforms/xilinx_vmk180_base_202220_1/xilinx_vmk180_base_202220_1.xpfm;xilinx_zcu102_base_202220_1|C:/Xilinx/Vitis/2022.2/base_platforms/xilinx_zcu102_base_202220_1/xilinx_zcu102_base_202220_1.xpfm;xilinx_zcu102_base_dfx_202220_1|C:/Xilinx/Vitis/2022.2/base_platforms/xilinx_zcu102_base_dfx_202220_1/xilinx_zcu102_base_dfx_202220_1.xpfm;xilinx_zcu104_base_202220_1|C:/Xilinx/Vitis/2022.2/base_platforms/xilinx_zcu104_base_202220_1/xilinx_zcu104_base_202220_1.xpfm
17:42:53 ERROR : (XSDB Server)rm: cannot lstat `*.o': Invalid argument

17:42:53 ERROR : (XSDB Server)make: *** [Makefile:42: clean] Error 1

17:48:44 INFO  : Result from executing command 'getProjects': nvme
17:48:44 INFO  : Result from executing command 'getPlatforms': nvme|C:/work/Goldenbell2/GoldenBell2_22.2_NVMe_multicore_20230503/workspace/nvme/export/nvme/nvme.xpfm;xilinx_vck190_base_202220_1|C:/Xilinx/Vitis/2022.2/base_platforms/xilinx_vck190_base_202220_1/xilinx_vck190_base_202220_1.xpfm;xilinx_vck190_base_dfx_202220_1|C:/Xilinx/Vitis/2022.2/base_platforms/xilinx_vck190_base_dfx_202220_1/xilinx_vck190_base_dfx_202220_1.xpfm;xilinx_vmk180_base_202220_1|C:/Xilinx/Vitis/2022.2/base_platforms/xilinx_vmk180_base_202220_1/xilinx_vmk180_base_202220_1.xpfm;xilinx_zcu102_base_202220_1|C:/Xilinx/Vitis/2022.2/base_platforms/xilinx_zcu102_base_202220_1/xilinx_zcu102_base_202220_1.xpfm;xilinx_zcu102_base_dfx_202220_1|C:/Xilinx/Vitis/2022.2/base_platforms/xilinx_zcu102_base_dfx_202220_1/xilinx_zcu102_base_dfx_202220_1.xpfm;xilinx_zcu104_base_202220_1|C:/Xilinx/Vitis/2022.2/base_platforms/xilinx_zcu104_base_202220_1/xilinx_zcu104_base_202220_1.xpfm
17:48:45 INFO  : Checking for BSP changes to sync application flags for project 'nvme_sd_core0'...
17:48:46 INFO  : Updating application flags with new BSP settings...
17:48:46 INFO  : Successfully updated application flags for project nvme_sd_core0.
17:50:09 INFO  : Checking for BSP changes to sync application flags for project 'nvme_sd_core0'...
17:50:28 INFO  : Checking for BSP changes to sync application flags for project 'nvme_sd_core1'...
17:50:28 INFO  : Updating application flags with new BSP settings...
17:50:28 INFO  : Successfully updated application flags for project nvme_sd_core1.
17:50:55 INFO  : Generated template bif file for nvme_sd_core0_system
17:51:45 INFO  : Invoking Bootgen: bootgen -image nvme_sd_core0_system.bif -arch zynq -o C:/work/Goldenbell2/GoldenBell2_22.2_NVMe_multicore_20230503/workspace/nvme_sd_core0_system/_ide/bootimage/BOOT.bin
17:51:45 INFO  : Overwriting existing bif file C:/work/Goldenbell2/GoldenBell2_22.2_NVMe_multicore_20230503/workspace/nvme_sd_core0_system/_ide/bootimage/nvme_sd_core0_system.bif
17:51:48 INFO  : Bootgen command execution is done.
18:12:25 DEBUG : Logs will be stored at 'C:/work/Goldenbell2/tmp/GoldenBell2_22.2_NVMe_multicore/workspace/IDE.log'.
18:12:26 INFO  : Launching XSCT server: xsct.bat -n  -interactive C:\work\Goldenbell2\tmp\GoldenBell2_22.2_NVMe_multicore\workspace\temp_xsdb_launch_script.tcl
18:12:31 INFO  : Platform repository initialization has completed.
18:12:32 INFO  : XSCT server has started successfully.
18:12:33 INFO  : Registering command handlers for Vitis TCF services
18:12:34 INFO  : plnx-install-location is set to ''
18:12:34 INFO  : Successfully done setting XSCT server connection channel  
18:12:34 INFO  : Successfully done query RDI_DATADIR 
18:12:34 INFO  : Successfully done setting workspace for the tool. 
18:13:02 INFO  : Result from executing command 'removePlatformRepo': 
